mode: set
ceres/utils/utils.go:10.46,17.34 5 1
ceres/utils/utils.go:31.2,34.15 3 1
ceres/utils/utils.go:17.34,18.39 1 1
ceres/utils/utils.go:18.39,21.4 1 1
ceres/utils/utils.go:21.9,27.4 4 1
ceres/utils/utils.go:37.70,45.37 6 1
ceres/utils/utils.go:55.2,58.15 3 1
ceres/utils/utils.go:45.37,46.24 1 1
ceres/utils/utils.go:50.3,53.19 4 1
ceres/utils/utils.go:46.24,48.12 2 1
ceres/utils/utils.go:61.29,62.38 1 1
ceres/utils/utils.go:62.38,63.28 1 1
ceres/utils/utils.go:66.3,66.54 1 1
ceres/utils/utils.go:69.3,69.15 1 1
ceres/utils/utils.go:63.28,65.4 1 1
ceres/utils/utils.go:66.54,68.4 1 1
ceres/utils/utils.go:73.48,79.29 2 1
ceres/utils/utils.go:83.2,83.24 1 1
ceres/utils/utils.go:79.29,82.3 2 1
ceres/utils/utils.go:86.42,87.22 1 1
ceres/utils/utils.go:92.2,92.14 1 1
ceres/utils/utils.go:87.22,88.13 1 1
ceres/utils/utils.go:88.13,90.4 1 1
ceres/utils/utils.go:95.59,102.36 3 0
ceres/utils/utils.go:108.2,108.13 1 0
ceres/utils/utils.go:102.36,103.38 1 0
ceres/utils/utils.go:103.38,106.4 2 0
ceres/cursor/cursor.go:33.58,38.2 4 1
ceres/cursor/cursor.go:40.100,42.48 2 1
ceres/cursor/cursor.go:90.2,90.27 1 1
ceres/cursor/cursor.go:93.2,93.29 1 1
ceres/cursor/cursor.go:42.48,43.15 1 1
ceres/cursor/cursor.go:44.17,46.18 2 1
ceres/cursor/cursor.go:49.4,50.18 2 1
ceres/cursor/cursor.go:53.4,53.40 1 1
ceres/cursor/cursor.go:54.18,59.18 5 1
ceres/cursor/cursor.go:62.4,63.48 2 1
ceres/cursor/cursor.go:64.19,69.49 5 1
ceres/cursor/cursor.go:70.18,75.39 5 1
ceres/cursor/cursor.go:82.4,83.18 2 1
ceres/cursor/cursor.go:86.4,87.48 2 1
ceres/cursor/cursor.go:46.18,48.5 1 0
ceres/cursor/cursor.go:50.18,52.5 1 1
ceres/cursor/cursor.go:59.18,61.5 1 1
ceres/cursor/cursor.go:75.39,76.33 1 1
ceres/cursor/cursor.go:76.33,78.6 1 1
ceres/cursor/cursor.go:78.11,80.6 1 1
ceres/cursor/cursor.go:83.18,85.5 1 0
ceres/cursor/cursor.go:90.27,92.3 1 1
ceres/cursor/cursor.go:96.42,99.2 2 1
ceres/config/config.go:22.37,26.16 2 1
ceres/config/config.go:31.2,34.16 2 1
ceres/config/config.go:39.2,44.16 4 1
ceres/config/config.go:26.16,28.3 1 1
ceres/config/config.go:34.16,35.13 1 1
ceres/schema/schema.go:30.25,37.16 3 1
ceres/schema/schema.go:42.2,48.16 4 1
ceres/schema/schema.go:52.2,56.37 3 1
ceres/schema/schema.go:77.2,77.12 1 1
ceres/schema/schema.go:37.16,39.3 1 1
ceres/schema/schema.go:48.16,50.3 1 1
ceres/schema/schema.go:56.37,62.42 4 1
ceres/schema/schema.go:74.3,74.35 1 1
ceres/schema/schema.go:62.42,68.46 4 1
ceres/schema/schema.go:72.4,72.40 1 1
ceres/schema/schema.go:68.46,70.5 1 1
ceres/schema/schema.go:80.26,84.42 3 1
ceres/schema/schema.go:97.2,100.12 3 1
ceres/schema/schema.go:84.42,86.43 2 1
ceres/schema/schema.go:94.3,94.30 1 1
ceres/schema/schema.go:86.43,88.44 2 1
ceres/schema/schema.go:92.4,92.38 1 1
ceres/schema/schema.go:88.44,91.5 1 1
ceres/schema/schema.go:103.73,105.39 2 0
ceres/schema/schema.go:110.2,110.12 1 0
ceres/schema/schema.go:105.39,106.39 1 0
ceres/schema/schema.go:106.39,108.4 1 0
ceres/schema/schema.go:113.98,115.31 2 0
ceres/schema/schema.go:158.2,158.12 1 0
ceres/schema/schema.go:115.31,116.31 1 0
ceres/schema/schema.go:116.31,117.20 1 0
ceres/schema/schema.go:120.4,120.49 1 0
ceres/schema/schema.go:124.4,124.39 1 0
ceres/schema/schema.go:117.20,118.13 1 0
ceres/schema/schema.go:120.49,122.5 1 0
ceres/schema/schema.go:125.18,126.35 1 0
ceres/schema/schema.go:129.15,134.36 1 0
ceres/schema/schema.go:139.17,140.36 1 0
ceres/schema/schema.go:143.16,144.33 1 0
ceres/schema/schema.go:147.16,148.51 1 0
ceres/schema/schema.go:151.16,152.42 1 0
ceres/schema/schema.go:126.35,128.6 1 0
ceres/schema/schema.go:134.36,135.33 1 0
ceres/schema/schema.go:135.33,137.7 1 0
ceres/schema/schema.go:140.36,142.6 1 0
ceres/schema/schema.go:144.33,146.6 1 0
ceres/schema/schema.go:148.51,150.6 1 0
ceres/schema/schema.go:152.42,154.6 1 0
ceres/aql/aql.go:53.48,56.15 3 1
ceres/aql/aql.go:58.11,59.23 1 1
ceres/aql/aql.go:60.11,61.28 1 1
ceres/aql/aql.go:62.11,63.29 1 1
ceres/aql/aql.go:64.11,65.30 1 1
ceres/aql/aql.go:66.11,67.31 1 1
ceres/aql/aql.go:68.11,69.28 1 1
ceres/aql/aql.go:70.11,71.29 1 1
ceres/aql/aql.go:72.11,73.22 1 1
ceres/aql/aql.go:74.11,75.26 1 1
ceres/aql/aql.go:76.13,77.21 1 1
ceres/aql/aql.go:78.14,79.22 1 1
ceres/aql/aql.go:80.13,81.21 1 1
ceres/aql/aql.go:82.15,83.23 1 1
ceres/aql/aql.go:84.16,85.24 1 1
ceres/aql/aql.go:86.15,87.23 1 1
ceres/aql/aql.go:88.16,89.24 1 1
ceres/aql/aql.go:90.18,91.26 1 1
ceres/aql/aql.go:92.18,93.26 1 1
ceres/aql/aql.go:94.11,95.22 1 1
ceres/aql/aql.go:96.15,97.23 1 1
ceres/aql/aql.go:98.16,99.24 1 1
ceres/aql/aql.go:100.16,101.24 1 0
ceres/aql/aql.go:102.15,103.23 1 1
ceres/aql/aql.go:104.16,105.24 1 1
ceres/aql/aql.go:106.19,107.27 1 0
ceres/aql/aql.go:108.19,109.27 1 0
ceres/aql/aql.go:110.19,111.27 1 0
ceres/aql/aql.go:112.19,113.27 1 0
ceres/aql/aql.go:114.17,115.25 1 0
ceres/aql/aql.go:116.17,117.25 1 0
ceres/aql/aql.go:118.17,119.25 1 0
ceres/aql/aql.go:120.17,121.25 1 0
ceres/aql/aql.go:122.15,123.23 1 0
ceres/aql/aql.go:124.10,126.33 1 1
ceres/aql/aql.go:126.33,128.4 1 1
ceres/aql/aql.go:128.9,128.42 1 1
ceres/aql/aql.go:128.42,130.4 1 1
ceres/aql/aql.go:130.9,130.32 1 1
ceres/aql/aql.go:130.32,133.4 2 1
ceres/aql/aql.go:133.9,133.31 1 1
ceres/aql/aql.go:133.31,135.4 1 1
ceres/aql/aql.go:135.9,135.31 1 1
ceres/aql/aql.go:135.31,137.4 1 1
ceres/aql/aql.go:137.9,137.31 1 1
ceres/aql/aql.go:137.31,139.4 1 0
ceres/aql/aql.go:139.9,139.66 1 1
ceres/aql/aql.go:139.66,141.4 1 1
ceres/aql/aql.go:141.9,141.73 1 1
ceres/aql/aql.go:141.73,143.4 1 1
ceres/aql/aql.go:143.9,143.74 1 1
ceres/aql/aql.go:143.74,145.4 1 1
ceres/aql/aql.go:145.9,145.91 1 1
ceres/aql/aql.go:145.91,147.4 1 1
ceres/aql/aql.go:147.9,149.4 1 1
ceres/aql/aql.go:154.47,161.16 3 1
ceres/aql/aql.go:166.2,172.16 4 1
ceres/aql/aql.go:176.2,178.51 2 1
ceres/aql/aql.go:182.2,182.20 1 1
ceres/aql/aql.go:161.16,163.3 1 1
ceres/aql/aql.go:172.16,174.3 1 1
ceres/aql/aql.go:178.51,180.3 1 1
ceres/aql/aql.go:186.69,187.63 1 1
ceres/aql/aql.go:191.2,191.12 1 1
ceres/aql/aql.go:187.63,190.3 2 1
ceres/aql/aql.go:210.46,217.24 4 1
ceres/aql/aql.go:231.2,236.25 4 1
ceres/aql/aql.go:262.2,262.14 1 1
ceres/aql/aql.go:217.24,218.31 1 1
ceres/aql/aql.go:228.3,228.8 1 1
ceres/aql/aql.go:218.31,224.4 5 1
ceres/aql/aql.go:224.9,224.116 1 1
ceres/aql/aql.go:224.116,227.4 2 1
ceres/aql/aql.go:236.25,237.46 1 1
ceres/aql/aql.go:259.3,259.20 1 1
ceres/aql/aql.go:237.46,240.4 2 1
ceres/aql/aql.go:240.9,241.48 1 1
ceres/aql/aql.go:241.48,246.27 3 0
ceres/aql/aql.go:246.27,248.6 1 0
ceres/aql/aql.go:248.11,250.6 1 0
ceres/aql/aql.go:251.10,252.27 1 1
ceres/aql/aql.go:252.27,254.6 1 0
ceres/aql/aql.go:254.11,256.6 1 1
ceres/aql/aql.go:266.59,267.26 1 1
ceres/aql/aql.go:288.2,288.12 1 1
ceres/aql/aql.go:267.26,270.17 3 1
ceres/aql/aql.go:273.3,274.39 2 1
ceres/aql/aql.go:277.3,277.27 1 1
ceres/aql/aql.go:270.17,272.4 1 1
ceres/aql/aql.go:274.39,276.4 1 1
ceres/aql/aql.go:278.8,281.17 3 1
ceres/aql/aql.go:284.3,286.27 3 1
ceres/aql/aql.go:281.17,283.4 1 1
ceres/aql/aql.go:292.58,293.26 1 1
ceres/aql/aql.go:307.2,307.12 1 1
ceres/aql/aql.go:293.26,296.17 3 1
ceres/aql/aql.go:299.3,300.39 2 1
ceres/aql/aql.go:303.3,303.26 1 1
ceres/aql/aql.go:296.17,298.4 1 1
ceres/aql/aql.go:300.39,302.4 1 1
ceres/aql/aql.go:304.8,306.3 1 1
ceres/aql/aql.go:311.61,312.26 1 1
ceres/aql/aql.go:326.2,326.12 1 1
ceres/aql/aql.go:312.26,315.17 3 1
ceres/aql/aql.go:318.3,319.39 2 1
ceres/aql/aql.go:322.3,322.29 1 1
ceres/aql/aql.go:315.17,317.4 1 1
ceres/aql/aql.go:319.39,321.4 1 1
ceres/aql/aql.go:323.8,325.3 1 1
ceres/aql/aql.go:331.81,336.31 3 1
ceres/aql/aql.go:344.2,352.43 5 1
ceres/aql/aql.go:670.2,671.21 2 1
ceres/aql/aql.go:336.31,337.27 1 1
ceres/aql/aql.go:337.27,339.4 1 1
ceres/aql/aql.go:339.9,342.4 2 1
ceres/aql/aql.go:352.43,356.37 4 1
ceres/aql/aql.go:365.3,368.23 3 1
ceres/aql/aql.go:356.37,358.30 2 1
ceres/aql/aql.go:363.4,363.23 1 1
ceres/aql/aql.go:358.30,360.5 1 1
ceres/aql/aql.go:360.10,362.5 1 1
ceres/aql/aql.go:369.14,370.18 1 1
ceres/aql/aql.go:374.4,374.84 1 1
ceres/aql/aql.go:377.4,380.28 3 1
ceres/aql/aql.go:386.4,386.21 1 1
ceres/aql/aql.go:387.16,388.18 1 0
ceres/aql/aql.go:392.4,392.86 1 0
ceres/aql/aql.go:395.4,398.21 3 0
ceres/aql/aql.go:399.15,400.18 1 1
ceres/aql/aql.go:404.4,404.85 1 1
ceres/aql/aql.go:407.4,410.69 3 1
ceres/aql/aql.go:414.4,414.21 1 1
ceres/aql/aql.go:415.14,416.18 1 1
ceres/aql/aql.go:420.4,420.84 1 1
ceres/aql/aql.go:423.4,426.69 3 1
ceres/aql/aql.go:430.4,430.21 1 1
ceres/aql/aql.go:431.16,432.18 1 1
ceres/aql/aql.go:436.4,436.86 1 1
ceres/aql/aql.go:439.4,442.68 3 1
ceres/aql/aql.go:445.4,445.69 1 1
ceres/aql/aql.go:449.4,449.21 1 1
ceres/aql/aql.go:450.17,451.18 1 1
ceres/aql/aql.go:455.4,455.87 1 1
ceres/aql/aql.go:458.4,461.68 3 1
ceres/aql/aql.go:465.4,465.21 1 1
ceres/aql/aql.go:466.17,467.87 1 1
ceres/aql/aql.go:470.4,470.62 1 1
ceres/aql/aql.go:471.16,472.86 1 1
ceres/aql/aql.go:475.4,476.18 2 1
ceres/aql/aql.go:479.4,479.29 1 1
ceres/aql/aql.go:480.19,481.89 1 1
ceres/aql/aql.go:484.4,485.46 2 1
ceres/aql/aql.go:486.19,487.89 1 1
ceres/aql/aql.go:490.4,491.46 2 1
ceres/aql/aql.go:492.16,493.18 1 1
ceres/aql/aql.go:497.4,497.86 1 1
ceres/aql/aql.go:500.4,503.21 3 1
ceres/aql/aql.go:504.17,505.18 1 1
ceres/aql/aql.go:509.4,509.87 1 1
ceres/aql/aql.go:512.4,515.69 3 1
ceres/aql/aql.go:519.4,519.21 1 1
ceres/aql/aql.go:520.17,521.18 1 0
ceres/aql/aql.go:525.4,525.87 1 0
ceres/aql/aql.go:528.4,531.69 3 0
ceres/aql/aql.go:535.4,535.21 1 0
ceres/aql/aql.go:536.16,537.18 1 1
ceres/aql/aql.go:541.4,541.86 1 1
ceres/aql/aql.go:544.4,547.21 3 1
ceres/aql/aql.go:548.17,549.18 1 1
ceres/aql/aql.go:553.4,553.87 1 1
ceres/aql/aql.go:556.4,559.21 3 1
ceres/aql/aql.go:560.18,561.18 1 0
ceres/aql/aql.go:565.4,565.88 1 0
ceres/aql/aql.go:568.4,569.69 2 0
ceres/aql/aql.go:573.4,573.21 1 0
ceres/aql/aql.go:574.18,575.18 1 0
ceres/aql/aql.go:579.4,579.88 1 0
ceres/aql/aql.go:582.4,583.69 2 0
ceres/aql/aql.go:587.4,587.21 1 0
ceres/aql/aql.go:588.18,589.18 1 0
ceres/aql/aql.go:593.4,593.88 1 0
ceres/aql/aql.go:596.4,599.21 3 0
ceres/aql/aql.go:600.18,601.18 1 0
ceres/aql/aql.go:605.4,605.88 1 0
ceres/aql/aql.go:608.4,611.21 3 0
ceres/aql/aql.go:612.20,613.18 1 0
ceres/aql/aql.go:617.4,617.90 1 0
ceres/aql/aql.go:620.4,622.69 3 0
ceres/aql/aql.go:626.4,626.21 1 0
ceres/aql/aql.go:627.20,628.18 1 0
ceres/aql/aql.go:632.4,632.90 1 0
ceres/aql/aql.go:635.4,637.69 3 0
ceres/aql/aql.go:641.4,641.21 1 0
ceres/aql/aql.go:642.20,643.18 1 0
ceres/aql/aql.go:647.4,647.90 1 0
ceres/aql/aql.go:650.4,654.21 4 0
ceres/aql/aql.go:655.20,656.18 1 0
ceres/aql/aql.go:660.4,660.90 1 0
ceres/aql/aql.go:663.4,667.21 4 0
ceres/aql/aql.go:370.18,372.5 1 1
ceres/aql/aql.go:374.84,376.5 1 1
ceres/aql/aql.go:380.28,381.72 1 1
ceres/aql/aql.go:381.72,383.6 1 1
ceres/aql/aql.go:388.18,390.5 1 0
ceres/aql/aql.go:392.86,394.5 1 0
ceres/aql/aql.go:400.18,402.5 1 1
ceres/aql/aql.go:404.85,406.5 1 1
ceres/aql/aql.go:410.69,412.5 1 1
ceres/aql/aql.go:416.18,418.5 1 1
ceres/aql/aql.go:420.84,422.5 1 1
ceres/aql/aql.go:426.69,428.5 1 1
ceres/aql/aql.go:432.18,434.5 1 1
ceres/aql/aql.go:436.86,438.5 1 1
ceres/aql/aql.go:442.68,444.5 1 0
ceres/aql/aql.go:445.69,447.5 1 0
ceres/aql/aql.go:451.18,453.5 1 1
ceres/aql/aql.go:455.87,457.5 1 1
ceres/aql/aql.go:461.68,463.5 1 1
ceres/aql/aql.go:467.87,469.5 1 1
ceres/aql/aql.go:472.86,474.5 1 1
ceres/aql/aql.go:476.18,478.5 1 1
ceres/aql/aql.go:481.89,483.5 1 1
ceres/aql/aql.go:487.89,489.5 1 1
ceres/aql/aql.go:493.18,495.5 1 1
ceres/aql/aql.go:497.86,499.5 1 1
ceres/aql/aql.go:505.18,507.5 1 1
ceres/aql/aql.go:509.87,511.5 1 1
ceres/aql/aql.go:515.69,517.5 1 0
ceres/aql/aql.go:521.18,523.5 1 0
ceres/aql/aql.go:525.87,527.5 1 0
ceres/aql/aql.go:531.69,533.5 1 0
ceres/aql/aql.go:537.18,539.5 1 1
ceres/aql/aql.go:541.86,543.5 1 1
ceres/aql/aql.go:549.18,551.5 1 1
ceres/aql/aql.go:553.87,555.5 1 1
ceres/aql/aql.go:561.18,563.5 1 0
ceres/aql/aql.go:565.88,567.5 1 0
ceres/aql/aql.go:569.69,571.5 1 0
ceres/aql/aql.go:575.18,577.5 1 0
ceres/aql/aql.go:579.88,581.5 1 0
ceres/aql/aql.go:583.69,585.5 1 0
ceres/aql/aql.go:589.18,591.5 1 0
ceres/aql/aql.go:593.88,595.5 1 0
ceres/aql/aql.go:601.18,603.5 1 0
ceres/aql/aql.go:605.88,607.5 1 0
ceres/aql/aql.go:613.18,615.5 1 0
ceres/aql/aql.go:617.90,619.5 1 0
ceres/aql/aql.go:622.69,624.5 1 0
ceres/aql/aql.go:628.18,630.5 1 0
ceres/aql/aql.go:632.90,634.5 1 0
ceres/aql/aql.go:637.69,639.5 1 0
ceres/aql/aql.go:643.18,645.5 1 0
ceres/aql/aql.go:647.90,649.5 1 0
ceres/aql/aql.go:656.18,658.5 1 0
ceres/aql/aql.go:660.90,662.5 1 0
ceres/aql/aql.go:675.40,682.30 6 1
ceres/aql/aql.go:758.2,762.15 4 1
ceres/aql/aql.go:682.30,684.14 2 1
ceres/aql/aql.go:687.3,687.42 1 1
ceres/aql/aql.go:684.14,686.4 1 1
ceres/aql/aql.go:687.42,690.4 2 1
ceres/aql/aql.go:690.9,691.20 1 1
ceres/aql/aql.go:691.20,692.17 1 1
ceres/aql/aql.go:693.14,694.27 1 0
ceres/aql/aql.go:697.6,698.20 2 0
ceres/aql/aql.go:699.14,702.27 3 0
ceres/aql/aql.go:705.14,706.29 1 1
ceres/aql/aql.go:709.6,710.20 2 1
ceres/aql/aql.go:711.14,714.29 3 1
ceres/aql/aql.go:717.14,718.27 1 1
ceres/aql/aql.go:721.6,722.20 2 1
ceres/aql/aql.go:723.14,726.27 3 1
ceres/aql/aql.go:729.14,730.53 1 1
ceres/aql/aql.go:738.14,739.53 1 1
ceres/aql/aql.go:750.13,751.20 1 1
ceres/aql/aql.go:694.27,696.7 1 0
ceres/aql/aql.go:702.27,704.7 1 0
ceres/aql/aql.go:706.29,708.7 1 1
ceres/aql/aql.go:714.29,716.7 1 1
ceres/aql/aql.go:718.27,720.7 1 1
ceres/aql/aql.go:726.27,728.7 1 1
ceres/aql/aql.go:730.53,732.7 1 1
ceres/aql/aql.go:732.12,737.7 4 1
ceres/aql/aql.go:739.53,741.7 1 1
ceres/aql/aql.go:741.12,749.7 6 1
ceres/aql/aql.go:753.10,755.5 1 1
ceres/aql/aql.go:768.44,771.16 3 1
ceres/aql/aql.go:774.2,775.16 2 1
ceres/aql/aql.go:778.2,778.21 1 1
ceres/aql/aql.go:771.16,773.3 1 0
ceres/aql/aql.go:775.16,777.3 1 0
ceres/freespace/freespace.go:32.28,39.16 3 1
ceres/freespace/freespace.go:44.2,50.16 4 1
ceres/freespace/freespace.go:54.2,58.37 3 1
ceres/freespace/freespace.go:95.2,95.12 1 1
ceres/freespace/freespace.go:39.16,41.3 1 1
ceres/freespace/freespace.go:50.16,52.3 1 1
ceres/freespace/freespace.go:58.37,64.42 4 1
ceres/freespace/freespace.go:92.3,92.38 1 1
ceres/freespace/freespace.go:64.42,70.46 4 1
ceres/freespace/freespace.go:90.4,90.40 1 1
ceres/freespace/freespace.go:70.46,78.45 6 1
ceres/freespace/freespace.go:87.5,88.38 2 1
ceres/freespace/freespace.go:78.45,81.43 3 1
ceres/freespace/freespace.go:84.6,84.48 1 1
ceres/freespace/freespace.go:81.43,83.7 1 1
ceres/freespace/freespace.go:98.29,102.45 3 1
ceres/freespace/freespace.go:115.2,118.12 3 1
ceres/freespace/freespace.go:102.45,104.43 2 1
ceres/freespace/freespace.go:112.3,112.30 1 1
ceres/freespace/freespace.go:104.43,106.41 2 1
ceres/freespace/freespace.go:110.4,110.38 1 1
ceres/freespace/freespace.go:106.41,109.5 2 1
ceres/index/index.go:13.75,14.30 1 1
ceres/index/index.go:44.2,44.12 1 1
ceres/index/index.go:14.30,15.19 1 1
ceres/index/index.go:18.3,18.47 1 1
ceres/index/index.go:21.3,25.53 5 1
ceres/index/index.go:31.3,32.17 2 1
ceres/index/index.go:35.3,38.17 4 1
ceres/index/index.go:41.3,42.12 2 1
ceres/index/index.go:15.19,16.12 1 1
ceres/index/index.go:18.47,19.12 1 0
ceres/index/index.go:25.53,27.18 2 1
ceres/index/index.go:27.18,29.5 1 1
ceres/index/index.go:32.17,34.4 1 1
ceres/index/index.go:38.17,40.4 1 0
ceres/index/index.go:47.78,48.30 1 1
ceres/index/index.go:85.2,85.12 1 1
ceres/index/index.go:48.30,49.19 1 1
ceres/index/index.go:52.3,52.47 1 1
ceres/index/index.go:55.3,58.17 4 1
ceres/index/index.go:61.3,63.24 3 1
ceres/index/index.go:70.3,72.17 3 1
ceres/index/index.go:75.3,77.24 3 1
ceres/index/index.go:49.19,50.12 1 1
ceres/index/index.go:52.47,53.12 1 0
ceres/index/index.go:58.17,60.4 1 1
ceres/index/index.go:63.24,64.45 1 1
ceres/index/index.go:64.45,66.5 1 1
ceres/index/index.go:67.9,69.4 1 1
ceres/index/index.go:72.17,74.4 1 0
ceres/index/index.go:77.24,78.44 1 1
ceres/index/index.go:78.44,80.5 1 0
ceres/index/index.go:81.9,83.4 1 1
ceres/index/index.go:88.91,89.63 1 1
ceres/index/index.go:92.2,92.60 1 1
ceres/index/index.go:95.2,95.12 1 1
ceres/index/index.go:89.63,91.3 1 1
ceres/index/index.go:92.60,94.3 1 1
ceres/index/index.go:98.69,101.16 3 1
ceres/index/index.go:104.2,105.38 2 1
ceres/index/index.go:101.16,103.3 1 1
ceres/index/index.go:108.57,111.16 3 1
ceres/index/index.go:114.2,115.38 2 1
ceres/index/index.go:111.16,113.3 1 0
ceres/index/index.go:118.59,120.15 2 1
ceres/index/index.go:123.2,123.16 1 1
ceres/index/index.go:120.15,122.3 1 1
ceres/index/index.go:126.47,127.22 1 1
ceres/index/index.go:132.2,132.11 1 1
ceres/index/index.go:127.22,128.15 1 1
ceres/index/index.go:128.15,130.4 1 1
ceres/manager/manager.go:38.102,46.16 7 1
ceres/manager/manager.go:50.2,52.15 3 1
ceres/manager/manager.go:70.2,70.20 1 1
ceres/manager/manager.go:46.16,49.3 2 1
ceres/manager/manager.go:52.15,54.17 2 1
ceres/manager/manager.go:58.3,58.13 1 1
ceres/manager/manager.go:68.3,68.27 1 1
ceres/manager/manager.go:54.17,57.4 2 1
ceres/manager/manager.go:59.22,60.32 1 1
ceres/manager/manager.go:61.22,63.28 2 1
ceres/manager/manager.go:66.4,66.60 1 1
ceres/manager/manager.go:63.28,64.10 1 1
ceres/manager/manager.go:73.106,82.16 8 1
ceres/manager/manager.go:86.2,88.15 3 1
ceres/manager/manager.go:115.2,120.12 5 1
ceres/manager/manager.go:82.16,85.3 2 1
ceres/manager/manager.go:88.15,89.24 1 1
ceres/manager/manager.go:111.3,111.27 1 1
ceres/manager/manager.go:89.24,92.18 3 1
ceres/manager/manager.go:96.4,96.14 1 1
ceres/manager/manager.go:92.18,95.5 2 1
ceres/manager/manager.go:97.24,100.17 3 1
ceres/manager/manager.go:101.23,102.46 1 1
ceres/manager/manager.go:103.23,106.61 3 1
ceres/manager/manager.go:108.9,110.4 1 1
ceres/manager/manager.go:123.110,132.16 8 1
ceres/manager/manager.go:136.2,138.15 3 1
ceres/manager/manager.go:164.2,169.12 5 1
ceres/manager/manager.go:132.16,135.3 2 0
ceres/manager/manager.go:138.15,139.24 1 1
ceres/manager/manager.go:160.3,160.27 1 1
ceres/manager/manager.go:139.24,141.18 2 1
ceres/manager/manager.go:145.4,145.14 1 1
ceres/manager/manager.go:141.18,144.5 2 0
ceres/manager/manager.go:146.24,149.17 3 1
ceres/manager/manager.go:150.23,151.46 1 1
ceres/manager/manager.go:152.23,155.61 3 1
ceres/manager/manager.go:157.9,159.4 1 1
ceres/manager/manager.go:172.104,180.16 7 1
ceres/manager/manager.go:184.2,186.15 3 1
ceres/manager/manager.go:212.2,217.12 5 1
ceres/manager/manager.go:180.16,183.3 2 0
ceres/manager/manager.go:186.15,188.17 2 1
ceres/manager/manager.go:192.3,192.13 1 1
ceres/manager/manager.go:208.3,208.27 1 1
ceres/manager/manager.go:188.17,191.4 2 0
ceres/manager/manager.go:193.23,197.52 4 1
ceres/manager/manager.go:198.22,199.45 1 1
ceres/manager/manager.go:200.22,203.28 3 1
ceres/manager/manager.go:206.4,206.60 1 0
ceres/manager/manager.go:203.28,204.10 1 1
ceres/manager/manager.go:220.76,228.16 7 1
ceres/manager/manager.go:232.2,234.15 3 1
ceres/manager/manager.go:254.2,259.12 5 1
ceres/manager/manager.go:228.16,231.3 2 1
ceres/manager/manager.go:234.15,236.13 2 1
ceres/manager/manager.go:250.3,250.27 1 1
ceres/manager/manager.go:237.24,239.42 2 1
ceres/manager/manager.go:240.22,241.45 1 1
ceres/manager/manager.go:242.22,245.28 3 1
ceres/manager/manager.go:248.4,248.60 1 1
ceres/manager/manager.go:245.28,246.10 1 1
ceres/manager/manager.go:262.88,267.25 3 1
ceres/manager/manager.go:279.2,279.31 1 1
ceres/manager/manager.go:288.2,288.20 1 1
ceres/manager/manager.go:267.25,269.38 2 1
ceres/manager/manager.go:269.38,272.4 2 1
ceres/manager/manager.go:272.9,275.4 2 1
ceres/manager/manager.go:279.31,282.17 3 1
ceres/manager/manager.go:285.3,285.35 1 1
ceres/manager/manager.go:282.17,284.4 1 1
ceres/manager/manager.go:291.78,292.85 1 1
ceres/manager/manager.go:296.2,303.27 6 1
ceres/manager/manager.go:306.2,307.27 2 1
ceres/manager/manager.go:345.2,345.27 1 1
ceres/manager/manager.go:388.2,388.27 1 1
ceres/manager/manager.go:391.2,392.42 2 1
ceres/manager/manager.go:395.2,399.32 3 1
ceres/manager/manager.go:406.2,406.12 1 1
ceres/manager/manager.go:292.85,294.3 1 1
ceres/manager/manager.go:303.27,305.3 1 1
ceres/manager/manager.go:307.27,310.16 2 1
ceres/manager/manager.go:339.3,339.28 1 1
ceres/manager/manager.go:310.16,313.37 2 1
ceres/manager/manager.go:333.4,334.28 2 1
ceres/manager/manager.go:337.4,337.24 1 1
ceres/manager/manager.go:313.37,315.38 2 1
ceres/manager/manager.go:315.38,322.14 6 1
ceres/manager/manager.go:323.11,330.11 6 1
ceres/manager/manager.go:334.28,336.5 1 1
ceres/manager/manager.go:339.28,340.9 1 1
ceres/manager/manager.go:345.27,351.61 5 1
ceres/manager/manager.go:354.3,358.36 5 1
ceres/manager/manager.go:378.3,379.27 2 1
ceres/manager/manager.go:382.3,382.23 1 1
ceres/manager/manager.go:385.3,385.22 1 1
ceres/manager/manager.go:351.61,353.4 1 1
ceres/manager/manager.go:358.36,360.37 2 1
ceres/manager/manager.go:360.37,367.13 6 1
ceres/manager/manager.go:368.10,375.10 6 1
ceres/manager/manager.go:379.27,381.4 1 1
ceres/manager/manager.go:382.23,384.4 1 1
ceres/manager/manager.go:388.27,390.3 1 0
ceres/manager/manager.go:392.42,394.3 1 0
ceres/manager/manager.go:399.32,401.17 2 1
ceres/manager/manager.go:401.17,403.4 1 0
ceres/manager/manager.go:409.82,410.85 1 1
ceres/manager/manager.go:414.2,416.29 2 1
ceres/manager/manager.go:433.2,433.36 1 1
ceres/manager/manager.go:441.2,441.12 1 1
ceres/manager/manager.go:410.85,412.3 1 0
ceres/manager/manager.go:416.29,418.43 2 1
ceres/manager/manager.go:418.43,423.4 4 1
ceres/manager/manager.go:423.9,429.4 5 1
ceres/manager/manager.go:433.36,436.17 3 1
ceres/manager/manager.go:436.17,438.4 1 0
ceres/manager/manager.go:444.90,445.111 1 1
ceres/manager/manager.go:449.2,452.25 2 1
ceres/manager/manager.go:464.2,464.32 1 1
ceres/manager/manager.go:472.2,472.12 1 1
ceres/manager/manager.go:445.111,447.3 1 0
ceres/manager/manager.go:452.25,454.39 2 1
ceres/manager/manager.go:454.39,457.4 2 0
ceres/manager/manager.go:457.9,460.4 2 1
ceres/manager/manager.go:464.32,467.17 3 1
ceres/manager/manager.go:467.17,469.4 1 0
ceres/manager/manager.go:475.62,479.25 2 1
ceres/manager/manager.go:490.2,492.22 3 1
ceres/manager/manager.go:497.2,497.33 1 1
ceres/manager/manager.go:511.2,511.27 1 1
ceres/manager/manager.go:514.2,515.42 2 1
ceres/manager/manager.go:518.2,522.12 3 1
ceres/manager/manager.go:479.25,481.40 2 1
ceres/manager/manager.go:481.40,484.4 2 1
ceres/manager/manager.go:484.9,487.4 2 1
ceres/manager/manager.go:492.22,494.3 1 0
ceres/manager/manager.go:497.33,500.17 3 1
ceres/manager/manager.go:505.3,508.22 4 1
ceres/manager/manager.go:500.17,502.4 1 1
ceres/manager/manager.go:511.27,513.3 1 0
ceres/manager/manager.go:515.42,517.3 1 0
ceres/manager/manager.go:525.95,526.21 1 1
ceres/manager/manager.go:851.2,851.17 1 1
ceres/manager/manager.go:527.13,533.32 6 1
ceres/manager/manager.go:538.3,538.17 1 1
ceres/manager/manager.go:541.3,542.17 2 1
ceres/manager/manager.go:545.3,545.31 1 1
ceres/manager/manager.go:550.3,550.51 1 1
ceres/manager/manager.go:553.3,553.46 1 1
ceres/manager/manager.go:572.3,572.19 1 1
ceres/manager/manager.go:573.15,579.32 6 0
ceres/manager/manager.go:584.3,584.17 1 0
ceres/manager/manager.go:587.3,588.17 2 0
ceres/manager/manager.go:591.3,591.31 1 0
ceres/manager/manager.go:596.3,596.51 1 0
ceres/manager/manager.go:600.3,602.21 2 0
ceres/manager/manager.go:603.14,608.17 5 1
ceres/manager/manager.go:611.13,616.17 5 1
ceres/manager/manager.go:619.15,623.27 4 1
ceres/manager/manager.go:634.16,638.27 4 1
ceres/manager/manager.go:649.15,651.17 2 1
ceres/manager/manager.go:654.15,656.17 2 1
ceres/manager/manager.go:659.16,664.17 5 1
ceres/manager/manager.go:667.16,672.17 5 0
ceres/manager/manager.go:675.16,680.17 5 1
ceres/manager/manager.go:683.17,685.28 2 0
ceres/manager/manager.go:690.3,691.17 2 0
ceres/manager/manager.go:694.3,697.17 4 0
ceres/manager/manager.go:700.17,702.28 2 0
ceres/manager/manager.go:707.3,712.17 6 0
ceres/manager/manager.go:715.3,715.21 1 0
ceres/manager/manager.go:718.3,720.17 3 0
ceres/manager/manager.go:723.3,727.17 5 0
ceres/manager/manager.go:730.17,736.17 6 0
ceres/manager/manager.go:739.3,739.21 1 0
ceres/manager/manager.go:742.3,745.17 4 0
ceres/manager/manager.go:748.17,749.25 1 0
ceres/manager/manager.go:775.19,777.28 2 0
ceres/manager/manager.go:782.3,785.17 4 0
ceres/manager/manager.go:788.19,790.28 2 0
ceres/manager/manager.go:795.3,800.17 6 0
ceres/manager/manager.go:803.3,803.21 1 0
ceres/manager/manager.go:806.3,810.17 5 0
ceres/manager/manager.go:813.19,819.17 6 0
ceres/manager/manager.go:822.3,822.21 1 0
ceres/manager/manager.go:825.3,828.17 4 0
ceres/manager/manager.go:831.19,832.25 1 0
ceres/manager/manager.go:533.32,535.4 1 1
ceres/manager/manager.go:535.9,537.4 1 1
ceres/manager/manager.go:538.17,540.4 1 0
ceres/manager/manager.go:542.17,544.4 1 0
ceres/manager/manager.go:545.31,547.4 1 1
ceres/manager/manager.go:547.9,547.38 1 1
ceres/manager/manager.go:547.38,549.4 1 1
ceres/manager/manager.go:550.51,552.4 1 1
ceres/manager/manager.go:553.46,554.31 1 1
ceres/manager/manager.go:554.31,557.28 3 1
ceres/manager/manager.go:563.5,563.32 1 1
ceres/manager/manager.go:557.28,558.43 1 1
ceres/manager/manager.go:558.43,561.7 2 1
ceres/manager/manager.go:563.32,564.31 1 1
ceres/manager/manager.go:567.6,567.21 1 1
ceres/manager/manager.go:564.31,566.7 1 1
ceres/manager/manager.go:579.32,581.4 1 0
ceres/manager/manager.go:581.9,583.4 1 0
ceres/manager/manager.go:584.17,586.4 1 0
ceres/manager/manager.go:588.17,590.4 1 0
ceres/manager/manager.go:591.31,593.4 1 0
ceres/manager/manager.go:593.9,593.38 1 0
ceres/manager/manager.go:593.38,595.4 1 0
ceres/manager/manager.go:596.51,598.4 1 0
ceres/manager/manager.go:608.17,610.4 1 0
ceres/manager/manager.go:616.17,618.4 1 0
ceres/manager/manager.go:623.27,625.18 2 1
ceres/manager/manager.go:625.18,627.5 1 0
ceres/manager/manager.go:628.9,630.18 2 1
ceres/manager/manager.go:630.18,632.5 1 0
ceres/manager/manager.go:638.27,640.18 2 1
ceres/manager/manager.go:640.18,642.5 1 0
ceres/manager/manager.go:643.9,645.18 2 1
ceres/manager/manager.go:645.18,647.5 1 0
ceres/manager/manager.go:651.17,653.4 1 0
ceres/manager/manager.go:656.17,658.4 1 0
ceres/manager/manager.go:664.17,666.4 1 0
ceres/manager/manager.go:672.17,674.4 1 0
ceres/manager/manager.go:680.17,682.4 1 0
ceres/manager/manager.go:685.28,686.41 1 0
ceres/manager/manager.go:686.41,688.5 1 0
ceres/manager/manager.go:691.17,693.4 1 0
ceres/manager/manager.go:697.17,699.4 1 0
ceres/manager/manager.go:702.28,703.41 1 0
ceres/manager/manager.go:703.41,705.5 1 0
ceres/manager/manager.go:712.17,714.4 1 0
ceres/manager/manager.go:715.21,717.4 1 0
ceres/manager/manager.go:720.17,722.4 1 0
ceres/manager/manager.go:727.17,729.4 1 0
ceres/manager/manager.go:736.17,738.4 1 0
ceres/manager/manager.go:739.21,741.4 1 0
ceres/manager/manager.go:745.17,747.4 1 0
ceres/manager/manager.go:749.25,752.33 3 0
ceres/manager/manager.go:756.4,756.20 1 0
ceres/manager/manager.go:752.33,755.5 2 0
ceres/manager/manager.go:757.9,763.18 6 0
ceres/manager/manager.go:766.4,766.22 1 0
ceres/manager/manager.go:769.4,769.33 1 0
ceres/manager/manager.go:773.4,773.20 1 0
ceres/manager/manager.go:763.18,765.5 1 0
ceres/manager/manager.go:766.22,768.5 1 0
ceres/manager/manager.go:769.33,772.5 2 0
ceres/manager/manager.go:777.28,778.41 1 0
ceres/manager/manager.go:778.41,780.5 1 0
ceres/manager/manager.go:785.17,787.4 1 0
ceres/manager/manager.go:790.28,791.41 1 0
ceres/manager/manager.go:791.41,793.5 1 0
ceres/manager/manager.go:800.17,802.4 1 0
ceres/manager/manager.go:803.21,805.4 1 0
ceres/manager/manager.go:810.17,812.4 1 0
ceres/manager/manager.go:819.17,821.4 1 0
ceres/manager/manager.go:822.21,824.4 1 0
ceres/manager/manager.go:828.17,830.4 1 0
ceres/manager/manager.go:832.25,836.4 3 0
ceres/manager/manager.go:836.9,842.18 6 0
ceres/manager/manager.go:845.4,845.22 1 0
ceres/manager/manager.go:848.4,848.20 1 0
ceres/manager/manager.go:842.18,844.5 1 0
ceres/manager/manager.go:845.22,847.5 1 0
ceres/manager/manager.go:854.83,855.17 1 1
ceres/manager/manager.go:866.2,866.11 1 1
ceres/manager/manager.go:855.17,856.39 1 1
ceres/manager/manager.go:856.39,857.39 1 1
ceres/manager/manager.go:857.39,857.91 1 1
ceres/manager/manager.go:858.9,858.43 1 1
ceres/manager/manager.go:858.43,859.39 1 0
ceres/manager/manager.go:859.39,859.85 1 0
ceres/manager/manager.go:860.9,860.47 1 1
ceres/manager/manager.go:860.47,861.39 1 1
ceres/manager/manager.go:861.39,861.93 1 1
ceres/manager/manager.go:862.9,862.44 1 0
ceres/manager/manager.go:862.44,863.39 1 0
ceres/manager/manager.go:863.39,863.109 1 0
ceres/manager/manager.go:869.83,870.17 1 1
ceres/manager/manager.go:881.2,881.11 1 1
ceres/manager/manager.go:870.17,871.39 1 1
ceres/manager/manager.go:871.39,872.39 1 1
ceres/manager/manager.go:872.39,872.91 1 1
ceres/manager/manager.go:873.9,873.43 1 1
ceres/manager/manager.go:873.43,874.39 1 0
ceres/manager/manager.go:874.39,874.85 1 0
ceres/manager/manager.go:875.9,875.47 1 1
ceres/manager/manager.go:875.47,876.39 1 1
ceres/manager/manager.go:876.39,876.93 1 1
ceres/manager/manager.go:877.9,877.44 1 0
ceres/manager/manager.go:877.44,878.39 1 0
ceres/manager/manager.go:878.39,878.109 1 0
ceres/manager/manager.go:884.36,888.26 4 1
ceres/manager/manager.go:904.2,905.12 2 1
ceres/manager/manager.go:888.26,889.18 1 1
ceres/manager/manager.go:892.3,892.18 1 1
ceres/manager/manager.go:898.3,898.17 1 1
ceres/manager/manager.go:889.18,890.9 1 1
ceres/manager/manager.go:892.18,894.19 2 1
ceres/manager/manager.go:894.19,895.10 1 1
ceres/manager/manager.go:898.17,899.22 1 1
ceres/manager/manager.go:899.22,901.5 1 1
ceres/manager/manager.go:908.35,912.26 4 1
ceres/manager/manager.go:931.2,933.12 3 1
ceres/manager/manager.go:912.26,913.18 1 1
ceres/manager/manager.go:917.3,917.18 1 1
ceres/manager/manager.go:925.3,925.17 1 1
ceres/manager/manager.go:913.18,915.9 2 1
ceres/manager/manager.go:917.18,920.19 3 1
ceres/manager/manager.go:920.19,922.10 2 1
ceres/manager/manager.go:925.17,926.19 1 1
ceres/manager/manager.go:926.19,928.5 1 1
ceres/manager/manager.go:936.36,940.26 4 1
ceres/manager/manager.go:958.2,959.12 2 1
ceres/manager/manager.go:940.26,941.18 1 1
ceres/manager/manager.go:945.3,945.18 1 1
ceres/manager/manager.go:952.3,952.17 1 1
ceres/manager/manager.go:941.18,943.9 2 1
ceres/manager/manager.go:945.18,947.19 2 1
ceres/manager/manager.go:947.19,949.10 2 1
ceres/manager/manager.go:952.17,953.19 1 1
ceres/manager/manager.go:953.19,955.5 1 1
ceres/manager/manager.go:962.36,966.26 4 1
ceres/manager/manager.go:989.2,990.12 2 1
ceres/manager/manager.go:966.26,967.18 1 1
ceres/manager/manager.go:971.3,971.18 1 1
ceres/manager/manager.go:979.3,979.17 1 1
ceres/manager/manager.go:967.18,969.9 2 1
ceres/manager/manager.go:971.18,974.19 3 1
ceres/manager/manager.go:974.19,976.10 2 0
ceres/manager/manager.go:979.17,980.19 1 1
ceres/manager/manager.go:980.19,982.5 1 1
ceres/manager/manager.go:982.10,984.5 1 1
ceres/manager/manager.go:985.9,987.4 1 0
ceres/manager/manager.go:993.63,994.18 1 1
ceres/manager/manager.go:1000.2,1000.14 1 0
ceres/manager/manager.go:995.11,996.23 1 1
ceres/manager/manager.go:997.12,998.23 1 0
ceres/manager/manager.go:1003.67,1004.18 1 1
ceres/manager/manager.go:1018.2,1018.14 1 0
ceres/manager/manager.go:1005.11,1006.22 1 0
ceres/manager/manager.go:1007.12,1008.23 1 0
ceres/manager/manager.go:1009.11,1010.22 1 1
ceres/manager/manager.go:1011.12,1012.23 1 0
ceres/manager/manager.go:1013.11,1014.23 1 0
ceres/manager/manager.go:1015.12,1016.23 1 0
ceres/manager/manager.go:1021.61,1022.18 1 1
ceres/manager/manager.go:1036.2,1036.14 1 0
ceres/manager/manager.go:1023.11,1024.22 1 1
ceres/manager/manager.go:1025.12,1026.23 1 1
ceres/manager/manager.go:1027.11,1028.22 1 1
ceres/manager/manager.go:1029.12,1030.23 1 1
ceres/manager/manager.go:1031.11,1032.23 1 1
ceres/manager/manager.go:1033.12,1034.23 1 1
ceres/manager/manager.go:1039.67,1040.18 1 1
ceres/manager/manager.go:1054.2,1054.14 1 0
ceres/manager/manager.go:1041.11,1042.22 1 0
ceres/manager/manager.go:1043.12,1044.23 1 0
ceres/manager/manager.go:1045.11,1046.22 1 1
ceres/manager/manager.go:1047.12,1048.23 1 0
ceres/manager/manager.go:1049.11,1050.23 1 0
ceres/manager/manager.go:1051.12,1052.23 1 0
ceres/manager/manager.go:1057.34,1058.13 1 1
ceres/manager/manager.go:1061.2,1061.10 1 1
ceres/manager/manager.go:1058.13,1060.3 1 1
ceres/manager/manager.go:1064.86,1069.37 5 1
ceres/manager/manager.go:1074.2,1074.39 1 1
ceres/manager/manager.go:1075.2,1077.27 3 1
ceres/manager/manager.go:1085.2,1085.20 1 1
ceres/manager/manager.go:1069.37,1073.3 3 1
ceres/manager/manager.go:1074.39,1074.89 1 1
ceres/manager/manager.go:1077.27,1078.49 1 1
ceres/manager/manager.go:1078.49,1083.4 4 1
ceres/manager/manager.go:1088.87,1093.37 5 1
ceres/manager/manager.go:1098.2,1101.27 4 1
ceres/manager/manager.go:1109.2,1109.20 1 1
ceres/manager/manager.go:1093.37,1097.3 3 1
ceres/manager/manager.go:1101.27,1102.50 1 1
ceres/manager/manager.go:1102.50,1107.4 4 1
ceres/manager/manager.go:1112.85,1117.37 5 1
ceres/manager/manager.go:1122.2,1125.27 4 1
ceres/manager/manager.go:1133.2,1133.20 1 1
ceres/manager/manager.go:1117.37,1121.3 3 1
ceres/manager/manager.go:1125.27,1126.48 1 1
ceres/manager/manager.go:1126.48,1131.4 4 1
ceres/manager/manager.go:1136.88,1141.37 5 1
ceres/manager/manager.go:1146.2,1149.27 4 1
ceres/manager/manager.go:1157.2,1157.20 1 1
ceres/manager/manager.go:1141.37,1145.3 3 1
ceres/manager/manager.go:1149.27,1150.51 1 1
ceres/manager/manager.go:1150.51,1155.4 4 1
ceres/manager/manager.go:1160.77,1162.78 2 1
ceres/manager/manager.go:1176.2,1176.24 1 0
ceres/manager/manager.go:1163.14,1165.18 2 1
ceres/manager/manager.go:1166.13,1168.18 2 1
ceres/manager/manager.go:1169.15,1171.18 2 1
ceres/manager/manager.go:1172.16,1174.18 2 1
ceres/manager/manager.go:1179.82,1180.20 1 1
ceres/manager/manager.go:1241.2,1241.17 1 0
ceres/manager/manager.go:1181.11,1183.21 2 1
ceres/manager/manager.go:1184.12,1186.21 2 1
ceres/manager/manager.go:1187.11,1189.21 2 1
ceres/manager/manager.go:1190.11,1192.21 2 1
ceres/manager/manager.go:1193.12,1195.21 2 1
ceres/manager/manager.go:1196.12,1198.21 2 1
ceres/manager/manager.go:1199.13,1201.17 2 1
ceres/manager/manager.go:1204.3,1205.17 2 1
ceres/manager/manager.go:1208.3,1209.21 2 1
ceres/manager/manager.go:1210.12,1212.17 2 1
ceres/manager/manager.go:1215.3,1216.17 2 1
ceres/manager/manager.go:1219.3,1220.21 2 1
ceres/manager/manager.go:1221.13,1224.17 3 1
ceres/manager/manager.go:1227.3,1228.21 2 1
ceres/manager/manager.go:1229.13,1231.17 2 1
ceres/manager/manager.go:1234.3,1235.17 2 1
ceres/manager/manager.go:1238.3,1239.21 2 1
ceres/manager/manager.go:1201.17,1203.4 1 0
ceres/manager/manager.go:1205.17,1207.4 1 0
ceres/manager/manager.go:1212.17,1214.4 1 0
ceres/manager/manager.go:1216.17,1218.4 1 0
ceres/manager/manager.go:1224.17,1226.4 1 0
ceres/manager/manager.go:1231.17,1233.4 1 0
ceres/manager/manager.go:1235.17,1237.4 1 0
ceres/manager/manager.go:1244.53,1246.82 2 1
ceres/manager/manager.go:1252.2,1252.19 1 1
ceres/manager/manager.go:1246.82,1247.20 1 1
ceres/manager/manager.go:1250.3,1250.13 1 1
ceres/manager/manager.go:1247.20,1249.4 1 1
ceres/manager/manager.go:1255.44,1258.52 3 1
ceres/manager/manager.go:1261.2,1261.53 1 1
ceres/manager/manager.go:1264.2,1268.25 5 1
ceres/manager/manager.go:1271.2,1271.12 1 1
ceres/manager/manager.go:1258.52,1260.3 1 0
ceres/manager/manager.go:1261.53,1263.3 1 0
ceres/manager/manager.go:1268.25,1270.3 1 1
ceres/manager/manager.go:1274.44,1277.47 3 1
ceres/manager/manager.go:1280.2,1280.48 1 1
ceres/manager/manager.go:1283.2,1285.12 3 1
ceres/manager/manager.go:1277.47,1279.3 1 0
ceres/manager/manager.go:1280.48,1282.3 1 0
ceres/manager/manager.go:1288.92,1290.30 2 1
ceres/manager/manager.go:1293.2,1293.69 1 1
ceres/manager/manager.go:1296.2,1298.52 3 1
ceres/manager/manager.go:1301.2,1301.53 1 1
ceres/manager/manager.go:1304.2,1307.36 4 1
ceres/manager/manager.go:1310.2,1314.33 5 1
ceres/manager/manager.go:1317.2,1317.53 1 1
ceres/manager/manager.go:1320.2,1325.12 6 1
ceres/manager/manager.go:1290.30,1292.3 1 1
ceres/manager/manager.go:1293.69,1295.3 1 0
ceres/manager/manager.go:1298.52,1300.3 1 0
ceres/manager/manager.go:1301.53,1303.3 1 0
ceres/manager/manager.go:1307.36,1309.3 1 1
ceres/manager/manager.go:1314.33,1316.3 1 1
ceres/manager/manager.go:1317.53,1319.3 1 0
ceres/manager/manager.go:1328.92,1332.33 4 0
ceres/manager/manager.go:1335.2,1335.30 1 0
ceres/manager/manager.go:1338.2,1338.69 1 0
ceres/manager/manager.go:1341.2,1345.12 5 0
ceres/manager/manager.go:1332.33,1334.3 1 0
ceres/manager/manager.go:1335.30,1337.3 1 0
ceres/manager/manager.go:1338.69,1340.3 1 0
ceres/manager/manager.go:1348.55,1351.47 3 1
ceres/manager/manager.go:1354.2,1354.48 1 1
ceres/manager/manager.go:1357.2,1365.12 9 1
ceres/manager/manager.go:1351.47,1353.3 1 0
ceres/manager/manager.go:1354.48,1356.3 1 0
ceres/manager/manager.go:1368.52,1373.16 5 1
ceres/manager/manager.go:1376.2,1376.12 1 1
ceres/manager/manager.go:1373.16,1375.3 1 0
